2020-02-05 09:02:49 -  - exec CUpdateClientPartner::__CollectRequestData
2020-02-05 09:02:49 -  - exec CUpdateClientPartner::GetHTTPPage
2020-02-05 09:02:49 -  - exec CUpdateClientPartner::ParseServerData
2020-02-05 09:02:49 -  - exec CUpdateClientPartner::GetUpdatesList
2020-02-05 09:02:49 -  - exec CUpdateClientPartner::__CollectRequestData
2020-02-05 09:02:49 -  - utf=Y&lang=ru&stable=Y&CANGZIP=Y&SUPD_DBS=MYSQL&XE=N&CLIENT_SITE=junior2.local&LICENSE_KEY=X&SUPD_STS=1&SUPD_URS=0&SUPD_URSA=1&TYPENC=D&CLIENT_PHPVER=5.6.31&NGINX=Y&dbv=10.1.25&instm=main%2C18.1.5%2CY%3Bb24connector%2C18.0.0%2CN%3Bbitrix.sitecorporate%2C15.5.0%2CN%3Bbitrix.siteinfoportal%2C15.5.0%2CN%3Bbitrix.sitepersonal%2C15.5.0%2CN%3Bbitrixcloud%2C18.5.0%2CN%3Bblog%2C18.1.0%2CN%3Bclouds%2C18.0.0%2CN%3Bcompression%2C16.0.0%2CN%3Bfileman%2C18.0.4%2CN%3Bform%2C18.0.0%2CN%3Bforum%2C18.0.3%2CN%3Bhighloadblock%2C18.5.0%2CN%3Biblock%2C18.5.4%2CN%3Blanding%2C18.5.9%2CN%3Bmessageservice%2C18.0.0%2CN%3Bmobileapp%2C18.0.2%2CN%3Bperfmon%2C18.5.0%2CN%3Bphotogallery%2C18.0.0%2CN%3Brest%2C18.5.2%2CN%3Bscale%2C17.5.0%2CN%3Bsearch%2C18.5.0%2CN%3Bsecurity%2C18.5.0%2CN%3Bseo%2C18.5.0%2CN%3Bsocialservices%2C18.0.3%2CN%3Bsubscribe%2C18.5.0%2CN%3Btranslate%2C16.5.0%2CN%3Bui%2C18.0.3%2CN%3Bvote%2C17.5.1%2CN&reqm=bitrix.sitecorporate%2Cbitrix.siteinfoportal%2Cbitrix.sitepersonal&fullmoduleinfo=Y&SUPD_SRS=RU&SUPD_CMP=N
2020-02-05 09:02:49 -  - exec CUpdateClientPartner::GetHTTPPage
2020-02-05 09:02:49 -  - TIME GetUpdatesList(request) 0.276 sec
2020-02-05 09:02:49 -  - exec CUpdateClientPartner::ParseServerData
2020-02-05 09:02:49 -  - exec CUpdateClientPartner::__CollectRequestData
2020-02-05 09:02:49 -  - exec CUpdateClientPartner::GetHTTPPage
2020-02-05 09:02:50 -  - exec CUpdateClientPartner::ParseServerData
2020-02-05 09:02:53 -  - exec CUpdateClientPartner::GetUpdatesList
2020-02-05 09:02:53 -  - exec CUpdateClientPartner::__CollectRequestData
2020-02-05 09:02:54 -  - utf=Y&lang=ru&stable=Y&CANGZIP=Y&SUPD_DBS=MYSQL&XE=N&CLIENT_SITE=junior2.local&LICENSE_KEY=X&SUPD_STS=1&SUPD_URS=0&SUPD_URSA=1&TYPENC=D&CLIENT_PHPVER=5.6.31&NGINX=Y&dbv=10.1.25&instm=main%2C18.1.5%2CY%3Bb24connector%2C18.0.0%2CN%3Bbitrix.sitecorporate%2C15.5.0%2CN%3Bbitrix.siteinfoportal%2C15.5.0%2CN%3Bbitrix.sitepersonal%2C15.5.0%2CN%3Bbitrixcloud%2C18.5.0%2CN%3Bblog%2C18.1.0%2CN%3Bclouds%2C18.0.0%2CN%3Bcompression%2C16.0.0%2CN%3Bfileman%2C18.0.4%2CN%3Bform%2C18.0.0%2CN%3Bforum%2C18.0.3%2CN%3Bhighloadblock%2C18.5.0%2CN%3Biblock%2C18.5.4%2CN%3Blanding%2C18.5.9%2CN%3Bmessageservice%2C18.0.0%2CN%3Bmobileapp%2C18.0.2%2CN%3Bperfmon%2C18.5.0%2CN%3Bphotogallery%2C18.0.0%2CN%3Brest%2C18.5.2%2CN%3Bscale%2C17.5.0%2CN%3Bsearch%2C18.5.0%2CN%3Bsecurity%2C18.5.0%2CN%3Bseo%2C18.5.0%2CN%3Bsocialservices%2C18.0.3%2CN%3Bsubscribe%2C18.5.0%2CN%3Btranslate%2C16.5.0%2CN%3Bui%2C18.0.3%2CN%3Bvote%2C17.5.1%2CN&reqm=bd.deliverypizza&fullmoduleinfo=Y&SUPD_SRS=RU&SUPD_CMP=N
2020-02-05 09:02:54 -  - exec CUpdateClientPartner::GetHTTPPage
2020-02-05 09:02:54 -  - TIME GetUpdatesList(request) 0.276 sec
2020-02-05 09:02:54 -  - exec CUpdateClientPartner::ParseServerData
2020-03-17 10:37:46 -  - exec CUpdateClientPartner::__CollectRequestData
2020-03-17 10:37:46 -  - exec CUpdateClientPartner::GetHTTPPage
2020-03-17 10:37:46 -  - exec CUpdateClientPartner::ParseServerData
2020-03-17 10:37:46 -  - exec CUpdateClientPartner::GetUpdatesList
2020-03-17 10:37:46 -  - exec CUpdateClientPartner::__CollectRequestData
2020-03-17 10:37:46 -  - utf=Y&lang=ru&stable=Y&CANGZIP=Y&SUPD_DBS=MYSQL&XE=N&CLIENT_SITE=192.168.0.17&LICENSE_KEY=X&SUPD_STS=1&SUPD_URS=0&SUPD_URSA=1&TYPENC=D&CLIENT_PHPVER=7.2.24&NGINX=Y&dbv=5.7.28&instm=main%2C18.1.5%2CY%3Bblog%2C18.1.0%2CN%3Bb24connector%2C18.0.0%2CN%3Bui%2C18.0.3%2CN%3Bforum%2C18.0.3%2CN%3Bbitrix.sitecorporate%2C15.5.0%2CN%3Bbitrixcloud%2C18.5.0%2CN%3Bphotogallery%2C18.0.0%2CN%3Btranslate%2C16.5.0%2CN%3Bfileman%2C18.0.4%2CN%3Biblock%2C18.5.4%2CN%3Bclouds%2C18.0.0%2CN%3Bhighloadblock%2C18.5.0%2CN%3Bperfmon%2C18.5.0%2CN%3Bcompression%2C16.0.0%2CN%3Bbitrix.siteinfoportal%2C15.5.0%2CN%3Bseo%2C18.5.0%2CN%3Bsearch%2C18.5.0%2CN%3Brest%2C18.5.2%2CN%3Bsubscribe%2C18.5.0%2CN%3Bsecurity%2C18.5.0%2CN%3Bvote%2C17.5.1%2CN%3Bform%2C18.0.0%2CN%3Bbitrix.sitepersonal%2C15.5.0%2CN%3Bscale%2C17.5.0%2CN%3Blanding%2C18.5.9%2CN%3Bmobileapp%2C18.0.2%2CN%3Bsocialservices%2C18.0.3%2CN%3Bmessageservice%2C18.0.0%2CN&reqm=bitrix.sitecorporate%2Cbitrix.siteinfoportal%2Cbitrix.sitepersonal&fullmoduleinfo=Y&SUPD_SRS=RU&SUPD_CMP=N
2020-03-17 10:37:46 -  - exec CUpdateClientPartner::GetHTTPPage
2020-03-17 10:37:46 -  - TIME GetUpdatesList(request) 0.254 sec
2020-03-17 10:37:46 -  - exec CUpdateClientPartner::ParseServerData
2020-03-17 10:37:46 -  - exec CUpdateClientPartner::__CollectRequestData
2020-03-17 10:37:46 -  - exec CUpdateClientPartner::GetHTTPPage
2020-03-17 10:37:47 -  - exec CUpdateClientPartner::ParseServerData
2020-03-17 10:37:49 -  - exec CUpdateClientPartner::GetUpdatesList
2020-03-17 10:37:49 -  - exec CUpdateClientPartner::__CollectRequestData
2020-03-17 10:37:49 -  - utf=Y&lang=ru&stable=Y&CANGZIP=Y&SUPD_DBS=MYSQL&XE=N&CLIENT_SITE=192.168.0.17&LICENSE_KEY=X&SUPD_STS=1&SUPD_URS=0&SUPD_URSA=1&TYPENC=D&CLIENT_PHPVER=7.2.24&NGINX=Y&dbv=5.7.28&instm=main%2C18.1.5%2CY%3Bblog%2C18.1.0%2CN%3Bb24connector%2C18.0.0%2CN%3Bui%2C18.0.3%2CN%3Bforum%2C18.0.3%2CN%3Bbitrix.sitecorporate%2C15.5.0%2CN%3Bbitrixcloud%2C18.5.0%2CN%3Bphotogallery%2C18.0.0%2CN%3Btranslate%2C16.5.0%2CN%3Bfileman%2C18.0.4%2CN%3Biblock%2C18.5.4%2CN%3Bclouds%2C18.0.0%2CN%3Bhighloadblock%2C18.5.0%2CN%3Bperfmon%2C18.5.0%2CN%3Bcompression%2C16.0.0%2CN%3Bbitrix.siteinfoportal%2C15.5.0%2CN%3Bseo%2C18.5.0%2CN%3Bsearch%2C18.5.0%2CN%3Brest%2C18.5.2%2CN%3Bsubscribe%2C18.5.0%2CN%3Bsecurity%2C18.5.0%2CN%3Bvote%2C17.5.1%2CN%3Bform%2C18.0.0%2CN%3Bbitrix.sitepersonal%2C15.5.0%2CN%3Bscale%2C17.5.0%2CN%3Blanding%2C18.5.9%2CN%3Bmobileapp%2C18.0.2%2CN%3Bsocialservices%2C18.0.3%2CN%3Bmessageservice%2C18.0.0%2CN&reqm=bd.deliverypizza&fullmoduleinfo=Y&SUPD_SRS=RU&SUPD_CMP=N
2020-03-17 10:37:49 -  - exec CUpdateClientPartner::GetHTTPPage
2020-03-17 10:37:49 -  - TIME GetUpdatesList(request) 0.302 sec
2020-03-17 10:37:49 -  - exec CUpdateClientPartner::ParseServerData
2020-03-17 12:08:55 -  - exec CUpdateClientPartner::GetUpdatesList
2020-03-17 12:08:55 -  - exec CUpdateClientPartner::__CollectRequestData
2020-03-17 12:08:55 -  - utf=Y&lang=ru&stable=Y&CANGZIP=Y&SUPD_DBS=MYSQL&XE=N&CLIENT_SITE=192.168.0.17&LICENSE_KEY=X&SUPD_STS=2&SUPD_URS=0&SUPD_URSA=1&TYPENC=D&CLIENT_PHPVER=7.2.24&NGINX=Y&dbv=5.7.28&instm=main%2C18.1.5%2CY%3Bblog%2C18.1.0%2CN%3Bb24connector%2C18.0.0%2CN%3Bui%2C18.0.3%2CN%3Bforum%2C18.0.3%2CN%3Bbitrix.sitecorporate%2C15.5.0%2CN%3Bbitrixcloud%2C18.5.0%2CN%3Bphotogallery%2C18.0.0%2CN%3Btranslate%2C16.5.0%2CN%3Bfileman%2C18.0.4%2CN%3Biblock%2C18.5.4%2CN%3Bclouds%2C18.0.0%2CN%3Bhighloadblock%2C18.5.0%2CN%3Bperfmon%2C18.5.0%2CN%3Bcompression%2C16.0.0%2CN%3Bbitrix.siteinfoportal%2C15.5.0%2CN%3Bseo%2C18.5.0%2CN%3Bsearch%2C18.5.0%2CN%3Brest%2C18.5.2%2CN%3Bsubscribe%2C18.5.0%2CN%3Bsecurity%2C18.5.0%2CN%3Bvote%2C17.5.1%2CN%3Bform%2C18.0.0%2CN%3Bbitrix.sitepersonal%2C15.5.0%2CN%3Bscale%2C17.5.0%2CN%3Blanding%2C18.5.9%2CN%3Bmobileapp%2C18.0.2%2CN%3Bsocialservices%2C18.0.3%2CN%3Bmessageservice%2C18.0.0%2CN&reqm=bd.deliverypizza&fullmoduleinfo=Y&SUPD_SRS=RU&SUPD_CMP=N
2020-03-17 12:08:55 -  - exec CUpdateClientPartner::GetHTTPPage
2020-03-17 12:08:56 -  - TIME GetUpdatesList(request) 0.556 sec
2020-03-17 12:08:56 -  - exec CUpdateClientPartner::ParseServerData
2020-03-17 12:16:51 -  - exec CUpdateClientPartner::GetUpdatesList
2020-03-17 12:16:51 -  - exec CUpdateClientPartner::__CollectRequestData
2020-03-17 12:16:51 -  - utf=Y&lang=ru&stable=Y&CANGZIP=Y&SUPD_DBS=MYSQL&XE=N&CLIENT_SITE=192.168.0.17&LICENSE_KEY=X&SUPD_STS=2&SUPD_URS=0&SUPD_URSA=1&TYPENC=D&CLIENT_PHPVER=7.2.24&NGINX=Y&dbv=5.7.28&instm=main%2C18.1.5%2CY%3Bblog%2C18.1.0%2CN%3Bb24connector%2C18.0.0%2CN%3Bui%2C18.0.3%2CN%3Bforum%2C18.0.3%2CN%3Bbitrix.sitecorporate%2C15.5.0%2CN%3Bbitrixcloud%2C18.5.0%2CN%3Bphotogallery%2C18.0.0%2CN%3Btranslate%2C16.5.0%2CN%3Bfileman%2C18.0.4%2CN%3Biblock%2C18.5.4%2CN%3Bclouds%2C18.0.0%2CN%3Bhighloadblock%2C18.5.0%2CN%3Bperfmon%2C18.5.0%2CN%3Bcompression%2C16.0.0%2CN%3Bbitrix.siteinfoportal%2C15.5.0%2CN%3Bseo%2C18.5.0%2CN%3Bsearch%2C18.5.0%2CN%3Brest%2C18.5.2%2CN%3Bsubscribe%2C18.5.0%2CN%3Bsecurity%2C18.5.0%2CN%3Bvote%2C17.5.1%2CN%3Bform%2C18.0.0%2CN%3Bbitrix.sitepersonal%2C15.5.0%2CN%3Bscale%2C17.5.0%2CN%3Blanding%2C18.5.9%2CN%3Bmobileapp%2C18.0.2%2CN%3Bsocialservices%2C18.0.3%2CN%3Bmessageservice%2C18.0.0%2CN&reqm=bitrix.sitecorporate%2Cbitrix.siteinfoportal%2Cbitrix.sitepersonal&fullmoduleinfo=Y&SUPD_SRS=RU&SUPD_CMP=N
2020-03-17 12:16:51 -  - exec CUpdateClientPartner::GetHTTPPage
2020-03-17 12:16:52 -  - TIME GetUpdatesList(request) 0.566 sec
2020-03-17 12:16:52 -  - exec CUpdateClientPartner::ParseServerData
2020-03-17 12:17:35 -  - exec CUpdateClientPartner::GetUpdatesList
2020-03-17 12:17:35 -  - exec CUpdateClientPartner::__CollectRequestData
2020-03-17 12:17:35 -  - utf=Y&lang=ru&stable=Y&CANGZIP=Y&SUPD_DBS=MYSQL&XE=N&CLIENT_SITE=192.168.0.17&LICENSE_KEY=X&SUPD_STS=2&SUPD_URS=0&SUPD_URSA=1&TYPENC=D&CLIENT_PHPVER=7.2.24&NGINX=Y&dbv=5.7.28&instm=main%2C18.1.5%2CY%3Bblog%2C18.1.0%2CN%3Bb24connector%2C18.0.0%2CN%3Bui%2C18.0.3%2CN%3Bforum%2C18.0.3%2CN%3Bbitrix.sitecorporate%2C15.5.0%2CN%3Bbitrixcloud%2C18.5.0%2CN%3Bphotogallery%2C18.0.0%2CN%3Btranslate%2C16.5.0%2CN%3Bfileman%2C18.0.4%2CN%3Biblock%2C18.5.4%2CN%3Bclouds%2C18.0.0%2CN%3Bhighloadblock%2C18.5.0%2CN%3Bperfmon%2C18.5.0%2CN%3Bcompression%2C16.0.0%2CN%3Bbitrix.siteinfoportal%2C15.5.0%2CN%3Bseo%2C18.5.0%2CN%3Bsearch%2C18.5.0%2CN%3Brest%2C18.5.2%2CN%3Bsubscribe%2C18.5.0%2CN%3Bsecurity%2C18.5.0%2CN%3Bvote%2C17.5.1%2CN%3Bform%2C18.0.0%2CN%3Bbitrix.sitepersonal%2C15.5.0%2CN%3Bscale%2C17.5.0%2CN%3Blanding%2C18.5.9%2CN%3Bmobileapp%2C18.0.2%2CN%3Bsocialservices%2C18.0.3%2CN%3Bmessageservice%2C18.0.0%2CN&reqm=bd.deliverypizza&fullmoduleinfo=Y&SUPD_SRS=RU&SUPD_CMP=N
2020-03-17 12:17:35 -  - exec CUpdateClientPartner::GetHTTPPage
2020-03-17 12:17:36 -  - TIME GetUpdatesList(request) 0.277 sec
2020-03-17 12:17:36 -  - exec CUpdateClientPartner::ParseServerData
2020-03-17 12:20:25 -  - exec CUpdateClientPartner::GetUpdatesList
2020-03-17 12:20:25 -  - exec CUpdateClientPartner::__CollectRequestData
2020-03-17 12:20:25 -  - utf=Y&lang=ru&stable=Y&CANGZIP=Y&SUPD_DBS=MYSQL&XE=N&CLIENT_SITE=192.168.0.17&LICENSE_KEY=X&SUPD_STS=2&SUPD_URS=0&SUPD_URSA=1&TYPENC=D&CLIENT_PHPVER=7.2.24&NGINX=Y&dbv=5.7.28&instm=main%2C18.1.5%2CY%3Bblog%2C18.1.0%2CN%3Bb24connector%2C18.0.0%2CN%3Bui%2C18.0.3%2CN%3Bforum%2C18.0.3%2CN%3Bbitrix.sitecorporate%2C15.5.0%2CN%3Bbitrixcloud%2C18.5.0%2CN%3Bphotogallery%2C18.0.0%2CN%3Btranslate%2C16.5.0%2CN%3Bfileman%2C18.0.4%2CN%3Biblock%2C18.5.4%2CN%3Bclouds%2C18.0.0%2CN%3Bhighloadblock%2C18.5.0%2CN%3Bperfmon%2C18.5.0%2CN%3Bcompression%2C16.0.0%2CN%3Bbitrix.siteinfoportal%2C15.5.0%2CN%3Bseo%2C18.5.0%2CN%3Bsearch%2C18.5.0%2CN%3Brest%2C18.5.2%2CN%3Bsubscribe%2C18.5.0%2CN%3Bsecurity%2C18.5.0%2CN%3Bvote%2C17.5.1%2CN%3Bform%2C18.0.0%2CN%3Bbitrix.sitepersonal%2C15.5.0%2CN%3Bscale%2C17.5.0%2CN%3Blanding%2C18.5.9%2CN%3Bmobileapp%2C18.0.2%2CN%3Bsocialservices%2C18.0.3%2CN%3Bmessageservice%2C18.0.0%2CN&reqm=bd.deliverypizza&fullmoduleinfo=Y&SUPD_SRS=RU&SUPD_CMP=N
2020-03-17 12:20:25 -  - exec CUpdateClientPartner::GetHTTPPage
2020-03-17 12:20:25 -  - TIME GetUpdatesList(request) 0.414 sec
2020-03-17 12:20:25 -  - exec CUpdateClientPartner::ParseServerData
2020-03-17 18:20:01 -  - exec CUpdateClientPartner::GetUpdatesList
2020-03-17 18:20:01 -  - exec CUpdateClientPartner::__CollectRequestData
2020-03-17 18:20:01 -  - utf=Y&lang=ru&stable=Y&CANGZIP=Y&SUPD_DBS=MYSQL&XE=N&CLIENT_SITE=192.168.0.17&LICENSE_KEY=X&SUPD_STS=2&SUPD_URS=0&SUPD_URSA=1&TYPENC=D&CLIENT_PHPVER=7.2.24&NGINX=Y&dbv=5.7.28&instm=main%2C18.1.5%2CY%3Bblog%2C18.1.0%2CN%3Bb24connector%2C18.0.0%2CN%3Bui%2C18.0.3%2CN%3Bforum%2C18.0.3%2CN%3Bbitrix.sitecorporate%2C15.5.0%2CN%3Bbitrixcloud%2C18.5.0%2CN%3Bphotogallery%2C18.0.0%2CN%3Btranslate%2C16.5.0%2CN%3Bfileman%2C18.0.4%2CN%3Biblock%2C18.5.4%2CN%3Bclouds%2C18.0.0%2CN%3Bhighloadblock%2C18.5.0%2CN%3Bperfmon%2C18.5.0%2CN%3Bcompression%2C16.0.0%2CN%3Bbitrix.siteinfoportal%2C15.5.0%2CN%3Bseo%2C18.5.0%2CN%3Bsearch%2C18.5.0%2CN%3Brest%2C18.5.2%2CN%3Bsubscribe%2C18.5.0%2CN%3Bsecurity%2C18.5.0%2CN%3Bvote%2C17.5.1%2CN%3Bform%2C18.0.0%2CN%3Bbitrix.sitepersonal%2C15.5.0%2CN%3Bscale%2C17.5.0%2CN%3Blanding%2C18.5.9%2CN%3Bmobileapp%2C18.0.2%2CN%3Bsocialservices%2C18.0.3%2CN%3Bmessageservice%2C18.0.0%2CN&reqm=bd.deliverypizza&fullmoduleinfo=Y&SUPD_SRS=RU&SUPD_CMP=N
2020-03-17 18:20:01 -  - exec CUpdateClientPartner::GetHTTPPage
2020-03-17 18:20:02 -  - TIME GetUpdatesList(request) 0.554 sec
2020-03-17 18:20:02 -  - exec CUpdateClientPartner::ParseServerData
