2020-Feb-05 09:03:31 Наличие необходимых модулей php (check_php_modules): Ok
Все необходимые модули установлены
2020-Feb-05 09:03:31 Обязательные параметры PHP (check_php_settings): Ok
Настройки правильные
2020-Feb-05 09:03:31 Модули веб-сервера (check_security): Ok
Конфликтов не выявлено
2020-Feb-05 09:03:32 Значения переменных сервера (check_server_vars): Ok
Корректные
2020-Feb-05 09:03:32 Сохранение сессии (check_session): Ok
50% done
2020-Feb-05 09:03:32 Сохранение сессии (check_session): Ok
Успешно
2020-Feb-05 09:03:32 Параметры настройки UTF (mbstring и константа BX_UTF) (check_mbstring): Ok
Правильные. Сайт работает в UTF кодировке
2020-Feb-05 09:03:32 Служебные скрипты в корне сайта (check_install_scripts): Ok
Отсутствуют
2020-Feb-05 09:03:33 Работа с сокетами (check_socket): Ok
Connection to junior2.local:80	Success

Успешно
2020-Feb-05 09:03:33 Выполнение агентов на cron (check_bx_crontab): Warning
Замечание. Агенты выполняются на хитах, рекомендуется перевести выполнение агентов на cron
2020-Feb-05 09:03:33 Параметры подключения к базе данных (check_dbconn_settings): Ok
Успешно
2020-Feb-05 09:03:34 Лишний вывод в файлах конфигурации (check_dbconn): Ok
Connection to junior2.local:80	Success

Успешно
2020-Feb-05 09:03:34 Сохранение сессии без UserAgent (check_session_ua): Ok
50% done
Connection to junior2.local:80	Success

2020-Feb-05 09:03:34 Сохранение сессии без UserAgent (check_session_ua): Ok
Connection to junior2.local:80	Success

Успешно
2020-Feb-05 09:03:34 Настройки сайтов (check_sites): Ok
Правильные
2020-Feb-05 09:03:35 Передача объектов по ссылке (check_clone): Ok
Успешно
